# JRE version: OpenJDK Runtime Environment Temurin-21.0.9+10 (21.0.9+10) (build 21.0.9+10-LTS)
# Java VM: OpenJDK 64-Bit Server VM Temurin-21.0.9+10 (21.0.9+10-LTS, mixed mode, sharing, tiered, compressed oops, compressed class ptrs, g1 gc, windows-amd64)
GC Precious Log:
 CardTable entry size: 512
 Card Set container configuration: InlinePtr #cards 5 size 8 Array Of Cards #cards 12 size 40 Howl #buckets 4 coarsen threshold 1843 Howl Bitmap #cards 512 size 80 coarsen threshold 460 Card regions per heap region 1 cards per card region 2048
 CPUs: 8 total, 8 available
 Memory: 8016M
 Large Page Support: Disabled
 NUMA Support: Disabled
 Compressed Oops: Enabled (32-bit)
 Heap Region Size: 1M
 Heap Min Capacity: 8M
 Heap Initial Capacity: 126M
 Heap Max Capacity: 2006M
 Pre-touch: Disabled
 Parallel Workers: 8
 Concurrent Workers: 2
 Concurrent Refinement Workers: 8
 Periodic GC: Disabled
Heap:
 garbage-first heap   total 129024K, used 61564K [0x0000000082a00000, 0x0000000100000000)
  region size 1024K, 15 young (15360K), 4 survivors (4096K)
 Metaspace       used 22068K, committed 22400K, reserved 1114112K
  class space    used 2506K, committed 2688K, reserved 1048576K
GC Heap History (14 events):
Event: 3.594 GC heap before
{Heap before GC invocations=0 (full 0):
 garbage-first heap   total 129024K, used 28672K [0x0000000082a00000, 0x0000000100000000)
  region size 1024K, 23 young (23552K), 0 survivors (0K)
 Metaspace       used 605K, committed 768K, reserved 1114112K
  class space    used 19K, committed 128K, reserved 1048576K
}
Event: 3.609 GC heap after
{Heap after GC invocations=1 (full 0):
 garbage-first heap   total 129024K, used 26975K [0x0000000082a00000, 0x0000000100000000)
  region size 1024K, 3 young (3072K), 3 survivors (3072K)
 Metaspace       used 605K, committed 768K, reserved 1114112K
  class space    used 19K, committed 128K, reserved 1048576K
}
Event: 4.140 GC heap before
{Heap before GC invocations=1 (full 0):
 garbage-first heap   total 129024K, used 45407K [0x0000000082a00000, 0x0000000100000000)
  region size 1024K, 17 young (17408K), 3 survivors (3072K)
 Metaspace       used 858K, committed 960K, reserved 1114112K
  class space    used 42K, committed 128K, reserved 1048576K
}
Event: 4.148 GC heap after
{Heap after GC invocations=2 (full 0):
 garbage-first heap   total 129024K, used 39389K [0x0000000082a00000, 0x0000000100000000)
  region size 1024K, 3 young (3072K), 3 survivors (3072K)
 Metaspace       used 858K, committed 960K, reserved 1114112K
  class space    used 42K, committed 128K, reserved 1048576K
}
Event: 5.315 GC heap before
{Heap before GC invocations=2 (full 0):
 garbage-first heap   total 129024K, used 60893K [0x0000000082a00000, 0x0000000100000000)
  region size 1024K, 25 young (25600K), 3 survivors (3072K)
 Metaspace       used 4781K, committed 4928K, reserved 1114112K
  class space    used 498K, committed 576K, reserved 1048576K
}
Event: 5.324 GC heap after
{Heap after GC invocations=3 (full 0):
 garbage-first heap   total 129024K, used 43778K [0x0000000082a00000, 0x0000000100000000)
  region size 1024K, 4 young (4096K), 4 survivors (4096K)
 Metaspace       used 4781K, committed 4928K, reserved 1114112K
  class space    used 498K, committed 576K, reserved 1048576K
}
Event: 5.627 GC heap before
{Heap before GC invocations=3 (full 0):
 garbage-first heap   total 129024K, used 74498K [0x0000000082a00000, 0x0000000100000000)
  region size 1024K, 33 young (33792K), 4 survivors (4096K)
 Metaspace       used 4825K, committed 4992K, reserved 1114112K
  class space    used 499K, committed 576K, reserved 1048576K
}
Event: 5.632 GC heap after
{Heap after GC invocations=4 (full 0):
 garbage-first heap   total 129024K, used 44390K [0x0000000082a00000, 0x0000000100000000)
  region size 1024K, 1 young (1024K), 1 survivors (1024K)
 Metaspace       used 4825K, committed 4992K, reserved 1114112K
  class space    used 499K, committed 576K, reserved 1048576K
}
Event: 12.844 GC heap before
{Heap before GC invocations=4 (full 0):
 garbage-first heap   total 129024K, used 97638K [0x0000000082a00000, 0x0000000100000000)
  region size 1024K, 53 young (54272K), 1 survivors (1024K)
 Metaspace       used 16939K, committed 17280K, reserved 1114112K
  class space    used 2072K, committed 2240K, reserved 1048576K
}
Event: 12.858 GC heap after
{Heap after GC invocations=5 (full 0):
 garbage-first heap   total 129024K, used 47697K [0x0000000082a00000, 0x0000000100000000)
  region size 1024K, 4 young (4096K), 4 survivors (4096K)
 Metaspace       used 16939K, committed 17280K, reserved 1114112K
  class space    used 2072K, committed 2240K, reserved 1048576K
}
Event: 15.373 GC heap before
{Heap before GC invocations=5 (full 0):
 garbage-first heap   total 129024K, used 94801K [0x0000000082a00000, 0x0000000100000000)
  region size 1024K, 51 young (52224K), 4 survivors (4096K)
 Metaspace       used 20343K, committed 20672K, reserved 1114112K
  class space    used 2385K, committed 2560K, reserved 1048576K
}
Event: 15.380 GC heap after
{Heap after GC invocations=6 (full 0):
 garbage-first heap   total 129024K, used 51200K [0x0000000082a00000, 0x0000000100000000)
  region size 1024K, 7 young (7168K), 7 survivors (7168K)
 Metaspace       used 20343K, committed 20672K, reserved 1114112K
  class space    used 2385K, committed 2560K, reserved 1048576K
}
Event: 15.843 GC heap before
{Heap before GC invocations=6 (full 0):
 garbage-first heap   total 129024K, used 53248K [0x0000000082a00000, 0x0000000100000000)
  region size 1024K, 10 young (10240K), 7 survivors (7168K)
 Metaspace       used 21241K, committed 21504K, reserved 1114112K
  class space    used 2435K, committed 2560K, reserved 1048576K
}
Event: 15.849 GC heap after
{Heap after GC invocations=7 (full 0):
 garbage-first heap   total 129024K, used 51324K [0x0000000082a00000, 0x0000000100000000)
  region size 1024K, 4 young (4096K), 4 survivors (4096K)
 Metaspace       used 21241K, committed 21504K, reserved 1114112K
  class space    used 2435K, committed 2560K, reserved 1048576K
}

