# JRE version: OpenJDK Runtime Environment Temurin-21.0.9+10 (21.0.9+10) (build 21.0.9+10-LTS)
# Java VM: OpenJDK 64-Bit Server VM Temurin-21.0.9+10 (21.0.9+10-LTS, mixed mode, sharing, tiered, compressed oops, compressed class ptrs, g1 gc, windows-amd64)
GC Precious Log:
 CardTable entry size: 512
 Card Set container configuration: InlinePtr #cards 5 size 8 Array Of Cards #cards 12 size 40 Howl #buckets 4 coarsen threshold 1843 Howl Bitmap #cards 512 size 80 coarsen threshold 460 Card regions per heap region 1 cards per card region 2048
 CPUs: 8 total, 8 available
 Memory: 8016M
 Large Page Support: Disabled
 NUMA Support: Disabled
 Compressed Oops: Enabled (32-bit)
 Heap Region Size: 1M
 Heap Min Capacity: 8M
 Heap Initial Capacity: 126M
 Heap Max Capacity: 2006M
 Pre-touch: Disabled
 Parallel Workers: 8
 Concurrent Workers: 2
 Concurrent Refinement Workers: 8
 Periodic GC: Disabled
Heap:
 garbage-first heap   total 113664K, used 83092K [0x0000000082a00000, 0x0000000100000000)
  region size 1024K, 30 young (30720K), 4 survivors (4096K)
 Metaspace       used 97151K, committed 97664K, reserved 1179648K
  class space    used 11604K, committed 11840K, reserved 1048576K
GC Heap History (20 events):
Event: 17.552 GC heap before
{Heap before GC invocations=7 (full 0):
 garbage-first heap   total 112640K, used 94592K [0x0000000082a00000, 0x0000000100000000)
  region size 1024K, 65 young (66560K), 10 survivors (10240K)
 Metaspace       used 35448K, committed 35776K, reserved 1114112K
  class space    used 4465K, committed 4608K, reserved 1048576K
}
Event: 17.586 GC heap after
{Heap after GC invocations=8 (full 0):
 garbage-first heap   total 112640K, used 36864K [0x0000000082a00000, 0x0000000100000000)
  region size 1024K, 2 young (2048K), 2 survivors (2048K)
 Metaspace       used 35448K, committed 35776K, reserved 1114112K
  class space    used 4465K, committed 4608K, reserved 1048576K
}
Event: 17.666 GC heap before
{Heap before GC invocations=8 (full 0):
 garbage-first heap   total 112640K, used 37888K [0x0000000082a00000, 0x0000000100000000)
  region size 1024K, 4 young (4096K), 2 survivors (2048K)
 Metaspace       used 35737K, committed 36096K, reserved 1114112K
  class space    used 4504K, committed 4672K, reserved 1048576K
}
Event: 17.672 GC heap after
{Heap after GC invocations=9 (full 0):
 garbage-first heap   total 112640K, used 36412K [0x0000000082a00000, 0x0000000100000000)
  region size 1024K, 2 young (2048K), 2 survivors (2048K)
 Metaspace       used 35737K, committed 36096K, reserved 1114112K
  class space    used 4504K, committed 4672K, reserved 1048576K
}
Event: 22.022 GC heap before
{Heap before GC invocations=10 (full 0):
 garbage-first heap   total 112640K, used 96828K [0x0000000082a00000, 0x0000000100000000)
  region size 1024K, 62 young (63488K), 2 survivors (2048K)
 Metaspace       used 51292K, committed 51648K, reserved 1114112K
  class space    used 6554K, committed 6720K, reserved 1048576K
}
Event: 22.029 GC heap after
{Heap after GC invocations=11 (full 0):
 garbage-first heap   total 112640K, used 40960K [0x0000000082a00000, 0x0000000100000000)
  region size 1024K, 6 young (6144K), 6 survivors (6144K)
 Metaspace       used 51292K, committed 51648K, reserved 1114112K
  class space    used 6554K, committed 6720K, reserved 1048576K
}
Event: 24.573 GC heap before
{Heap before GC invocations=11 (full 0):
 garbage-first heap   total 112640K, used 89088K [0x0000000082a00000, 0x0000000100000000)
  region size 1024K, 54 young (55296K), 6 survivors (6144K)
 Metaspace       used 60205K, committed 60608K, reserved 1114112K
  class space    used 7853K, committed 8064K, reserved 1048576K
}
Event: 24.582 GC heap after
{Heap after GC invocations=12 (full 0):
 garbage-first heap   total 112640K, used 42875K [0x0000000082a00000, 0x0000000100000000)
  region size 1024K, 3 young (3072K), 3 survivors (3072K)
 Metaspace       used 60205K, committed 60608K, reserved 1114112K
  class space    used 7853K, committed 8064K, reserved 1048576K
}
Event: 24.649 GC heap before
{Heap before GC invocations=12 (full 0):
 garbage-first heap   total 112640K, used 44923K [0x0000000082a00000, 0x0000000100000000)
  region size 1024K, 6 young (6144K), 3 survivors (3072K)
 Metaspace       used 60547K, committed 60928K, reserved 1114112K
  class space    used 7905K, committed 8064K, reserved 1048576K
}
Event: 24.653 GC heap after
{Heap after GC invocations=13 (full 0):
 garbage-first heap   total 112640K, used 42662K [0x0000000082a00000, 0x0000000100000000)
  region size 1024K, 3 young (3072K), 3 survivors (3072K)
 Metaspace       used 60547K, committed 60928K, reserved 1114112K
  class space    used 7905K, committed 8064K, reserved 1048576K
}
Event: 27.738 GC heap before
{Heap before GC invocations=14 (full 0):
 garbage-first heap   total 112640K, used 98982K [0x0000000082a00000, 0x0000000100000000)
  region size 1024K, 58 young (59392K), 3 survivors (3072K)
 Metaspace       used 66766K, committed 67200K, reserved 1114112K
  class space    used 8732K, committed 8896K, reserved 1048576K
}
Event: 27.746 GC heap after
{Heap after GC invocations=15 (full 0):
 garbage-first heap   total 112640K, used 45909K [0x0000000082a00000, 0x0000000100000000)
  region size 1024K, 6 young (6144K), 6 survivors (6144K)
 Metaspace       used 66766K, committed 67200K, reserved 1114112K
  class space    used 8732K, committed 8896K, reserved 1048576K
}
Event: 30.651 GC heap before
{Heap before GC invocations=15 (full 0):
 garbage-first heap   total 112640K, used 99157K [0x0000000082a00000, 0x0000000100000000)
  region size 1024K, 59 young (60416K), 6 survivors (6144K)
 Metaspace       used 78184K, committed 78656K, reserved 1179648K
  class space    used 10237K, committed 10432K, reserved 1048576K
}
Event: 30.666 GC heap after
{Heap after GC invocations=16 (full 0):
 garbage-first heap   total 112640K, used 50746K [0x0000000082a00000, 0x0000000100000000)
  region size 1024K, 8 young (8192K), 8 survivors (8192K)
 Metaspace       used 78184K, committed 78656K, reserved 1179648K
  class space    used 10237K, committed 10432K, reserved 1048576K
}
Event: 32.324 GC heap before
{Heap before GC invocations=16 (full 0):
 garbage-first heap   total 112640K, used 99898K [0x0000000082a00000, 0x0000000100000000)
  region size 1024K, 56 young (57344K), 8 survivors (8192K)
 Metaspace       used 80249K, committed 80704K, reserved 1179648K
  class space    used 10442K, committed 10688K, reserved 1048576K
}
Event: 32.344 GC heap after
{Heap after GC invocations=17 (full 0):
 garbage-first heap   total 113664K, used 54967K [0x0000000082a00000, 0x0000000100000000)
  region size 1024K, 4 young (4096K), 4 survivors (4096K)
 Metaspace       used 80249K, committed 80704K, reserved 1179648K
  class space    used 10442K, committed 10688K, reserved 1048576K
}
Event: 34.350 GC heap before
{Heap before GC invocations=17 (full 0):
 garbage-first heap   total 113664K, used 92855K [0x0000000082a00000, 0x0000000100000000)
  region size 1024K, 42 young (43008K), 4 survivors (4096K)
 Metaspace       used 83994K, committed 84544K, reserved 1179648K
  class space    used 10726K, committed 11008K, reserved 1048576K
}
Event: 34.358 GC heap after
{Heap after GC invocations=18 (full 0):
 garbage-first heap   total 113664K, used 56664K [0x0000000082a00000, 0x0000000100000000)
  region size 1024K, 6 young (6144K), 6 survivors (6144K)
 Metaspace       used 83994K, committed 84544K, reserved 1179648K
  class space    used 10726K, committed 11008K, reserved 1048576K
}
Event: 36.981 GC heap before
{Heap before GC invocations=19 (full 0):
 garbage-first heap   total 113664K, used 102744K [0x0000000082a00000, 0x0000000100000000)
  region size 1024K, 50 young (51200K), 6 survivors (6144K)
 Metaspace       used 95034K, committed 95552K, reserved 1179648K
  class space    used 11447K, committed 11712K, reserved 1048576K
}
Event: 36.988 GC heap after
{Heap after GC invocations=20 (full 0):
 garbage-first heap   total 113664K, used 57492K [0x0000000082a00000, 0x0000000100000000)
  region size 1024K, 4 young (4096K), 4 survivors (4096K)
 Metaspace       used 95034K, committed 95552K, reserved 1179648K
  class space    used 11447K, committed 11712K, reserved 1048576K
}

