# JRE version: OpenJDK Runtime Environment Temurin-21.0.9+10 (21.0.9+10) (build 21.0.9+10-LTS)
# Java VM: OpenJDK 64-Bit Server VM Temurin-21.0.9+10 (21.0.9+10-LTS, mixed mode, sharing, tiered, compressed oops, compressed class ptrs, parallel gc, windows-amd64)
GC Precious Log:
 CardTable entry size: 512
 CPUs: 8 total, 8 available
 Memory: 8016M
 Large Page Support: Disabled
 NUMA Support: Disabled
 Compressed Oops: Enabled (Zero based)
 Alignments: Space 512K, Generation 512K, Heap 2M
 Heap Min Capacity: 100M
 Heap Initial Capacity: 100M
 Heap Max Capacity: 8G
 Pre-touch: Disabled
 Parallel Workers: 8
Heap:
 PSYoungGen      total 45568K, used 30086K [0x0000000755580000, 0x0000000759480000, 0x0000000800000000)
  eden space 40448K, 62% used [0x0000000755580000,0x0000000756e60910,0x0000000757d00000)
  from space 5120K, 90% used [0x0000000758f80000,0x00000007594010b8,0x0000000759480000)
  to   space 8704K, 0% used [0x0000000758380000,0x0000000758380000,0x0000000758c00000)
 ParOldGen       total 3063808K, used 3063593K [0x0000000600000000, 0x00000006bb000000, 0x0000000755580000)
  object space 3063808K, 99% used [0x0000000600000000,0x00000006bafca550,0x00000006bb000000)
 Metaspace       used 107974K, committed 109888K, reserved 1179648K
  class space    used 10641K, committed 11584K, reserved 1048576K
GC Heap History (20 events):
Event: 696647.282 GC heap before
{Heap before GC invocations=8445 (full 10):
 PSYoungGen      total 75776K, used 75771K [0x0000000755580000, 0x000000075c380000, 0x0000000800000000)
  eden space 64512K, 100% used [0x0000000755580000,0x0000000759480000,0x0000000759480000)
  from space 11264K, 99% used [0x000000075a180000,0x000000075ac7ef90,0x000000075ac80000)
  to   space 23552K, 0% used [0x000000075ac80000,0x000000075ac80000,0x000000075c380000)
 ParOldGen       total 2971136K, used 2970789K [0x0000000600000000, 0x00000006b5580000, 0x0000000755580000)
  object space 2971136K, 99% used [0x0000000600000000,0x00000006b5529780,0x00000006b5580000)
 Metaspace       used 107969K, committed 109888K, reserved 1179648K
  class space    used 10641K, committed 11584K, reserved 1048576K
}
Event: 696647.302 GC heap after
{Heap after GC invocations=8445 (full 10):
 PSYoungGen      total 72192K, used 9295K [0x0000000755580000, 0x000000075b600000, 0x0000000800000000)
  eden space 62464K, 0% used [0x0000000755580000,0x0000000755580000,0x0000000759280000)
  from space 9728K, 95% used [0x000000075ac80000,0x000000075b593eb0,0x000000075b600000)
  to   space 13824K, 0% used [0x0000000759b00000,0x0000000759b00000,0x000000075a880000)
 ParOldGen       total 2980864K, used 2980776K [0x0000000600000000, 0x00000006b5f00000, 0x0000000755580000)
  object space 2980864K, 99% used [0x0000000600000000,0x00000006b5eea118,0x00000006b5f00000)
 Metaspace       used 107969K, committed 109888K, reserved 1179648K
  class space    used 10641K, committed 11584K, reserved 1048576K
}
Event: 696647.569 GC heap before
{Heap before GC invocations=8446 (full 10):
 PSYoungGen      total 72192K, used 71759K [0x0000000755580000, 0x000000075b600000, 0x0000000800000000)
  eden space 62464K, 100% used [0x0000000755580000,0x0000000759280000,0x0000000759280000)
  from space 9728K, 95% used [0x000000075ac80000,0x000000075b593eb0,0x000000075b600000)
  to   space 13824K, 0% used [0x0000000759b00000,0x0000000759b00000,0x000000075a880000)
 ParOldGen       total 2980864K, used 2980776K [0x0000000600000000, 0x00000006b5f00000, 0x0000000755580000)
  object space 2980864K, 99% used [0x0000000600000000,0x00000006b5eea118,0x00000006b5f00000)
 Metaspace       used 107969K, committed 109888K, reserved 1179648K
  class space    used 10641K, committed 11584K, reserved 1048576K
}
Event: 696647.604 GC heap after
{Heap after GC invocations=8446 (full 10):
 PSYoungGen      total 71680K, used 10871K [0x0000000755580000, 0x000000075ad00000, 0x0000000800000000)
  eden space 60416K, 0% used [0x0000000755580000,0x0000000755580000,0x0000000759080000)
  from space 11264K, 96% used [0x0000000759b00000,0x000000075a59def0,0x000000075a600000)
  to   space 7168K, 0% used [0x000000075a600000,0x000000075a600000,0x000000075ad00000)
 ParOldGen       total 2990080K, used 2989831K [0x0000000600000000, 0x00000006b6800000, 0x0000000755580000)
  object space 2990080K, 99% used [0x0000000600000000,0x00000006b67c1c88,0x00000006b6800000)
 Metaspace       used 107969K, committed 109888K, reserved 1179648K
  class space    used 10641K, committed 11584K, reserved 1048576K
}
Event: 696647.876 GC heap before
{Heap before GC invocations=8447 (full 10):
 PSYoungGen      total 71680K, used 71287K [0x0000000755580000, 0x000000075ad00000, 0x0000000800000000)
  eden space 60416K, 100% used [0x0000000755580000,0x0000000759080000,0x0000000759080000)
  from space 11264K, 96% used [0x0000000759b00000,0x000000075a59def0,0x000000075a600000)
  to   space 7168K, 0% used [0x000000075a600000,0x000000075a600000,0x000000075ad00000)
 ParOldGen       total 2990080K, used 2989831K [0x0000000600000000, 0x00000006b6800000, 0x0000000755580000)
  object space 2990080K, 99% used [0x0000000600000000,0x00000006b67c1c88,0x00000006b6800000)
 Metaspace       used 107969K, committed 109888K, reserved 1179648K
  class space    used 10641K, committed 11584K, reserved 1048576K
}
Event: 696647.897 GC heap after
{Heap after GC invocations=8447 (full 10):
 PSYoungGen      total 65536K, used 7143K [0x0000000755580000, 0x000000075b680000, 0x0000000800000000)
  eden space 58368K, 0% used [0x0000000755580000,0x0000000755580000,0x0000000758e80000)
  from space 7168K, 99% used [0x000000075a600000,0x000000075acf9f10,0x000000075ad00000)
  to   space 20480K, 0% used [0x0000000758e80000,0x0000000758e80000,0x000000075a280000)
 ParOldGen       total 3001344K, used 3001342K [0x0000000600000000, 0x00000006b7300000, 0x0000000755580000)
  object space 3001344K, 99% used [0x0000000600000000,0x00000006b72ff990,0x00000006b7300000)
 Metaspace       used 107969K, committed 109888K, reserved 1179648K
  class space    used 10641K, committed 11584K, reserved 1048576K
}
Event: 696648.074 GC heap before
{Heap before GC invocations=8448 (full 10):
 PSYoungGen      total 65536K, used 65511K [0x0000000755580000, 0x000000075b680000, 0x0000000800000000)
  eden space 58368K, 100% used [0x0000000755580000,0x0000000758e80000,0x0000000758e80000)
  from space 7168K, 99% used [0x000000075a600000,0x000000075acf9f10,0x000000075ad00000)
  to   space 20480K, 0% used [0x0000000758e80000,0x0000000758e80000,0x000000075a280000)
 ParOldGen       total 3001344K, used 3001342K [0x0000000600000000, 0x00000006b7300000, 0x0000000755580000)
  object space 3001344K, 99% used [0x0000000600000000,0x00000006b72ff990,0x00000006b7300000)
 Metaspace       used 107969K, committed 109888K, reserved 1179648K
  class space    used 10641K, committed 11584K, reserved 1048576K
}
Event: 696648.098 GC heap after
{Heap after GC invocations=8448 (full 10):
 PSYoungGen      total 65536K, used 8217K [0x0000000755580000, 0x000000075a680000, 0x0000000800000000)
  eden space 56832K, 0% used [0x0000000755580000,0x0000000755580000,0x0000000758d00000)
  from space 8704K, 94% used [0x0000000758e80000,0x00000007596864a0,0x0000000759700000)
  to   space 12288K, 0% used [0x0000000759a80000,0x0000000759a80000,0x000000075a680000)
 ParOldGen       total 3008512K, used 3008455K [0x0000000600000000, 0x00000006b7a00000, 0x0000000755580000)
  object space 3008512K, 99% used [0x0000000600000000,0x00000006b79f1e78,0x00000006b7a00000)
 Metaspace       used 107969K, committed 109888K, reserved 1179648K
  class space    used 10641K, committed 11584K, reserved 1048576K
}
Event: 696648.296 GC heap before
{Heap before GC invocations=8449 (full 10):
 PSYoungGen      total 65536K, used 65049K [0x0000000755580000, 0x000000075a680000, 0x0000000800000000)
  eden space 56832K, 100% used [0x0000000755580000,0x0000000758d00000,0x0000000758d00000)
  from space 8704K, 94% used [0x0000000758e80000,0x00000007596864a0,0x0000000759700000)
  to   space 12288K, 0% used [0x0000000759a80000,0x0000000759a80000,0x000000075a680000)
 ParOldGen       total 3008512K, used 3008455K [0x0000000600000000, 0x00000006b7a00000, 0x0000000755580000)
  object space 3008512K, 99% used [0x0000000600000000,0x00000006b79f1e78,0x00000006b7a00000)
 Metaspace       used 107969K, committed 109888K, reserved 1179648K
  class space    used 10641K, committed 11584K, reserved 1048576K
}
Event: 696648.318 GC heap after
{Heap after GC invocations=8449 (full 10):
 PSYoungGen      total 66560K, used 10918K [0x0000000755580000, 0x000000075a580000, 0x0000000800000000)
  eden space 55296K, 0% used [0x0000000755580000,0x0000000755580000,0x0000000758b80000)
  from space 11264K, 96% used [0x0000000759a80000,0x000000075a529990,0x000000075a580000)
  to   space 11776K, 0% used [0x0000000758e80000,0x0000000758e80000,0x0000000759a00000)
 ParOldGen       total 3016192K, used 3015920K [0x0000000600000000, 0x00000006b8180000, 0x0000000755580000)
  object space 3016192K, 99% used [0x0000000600000000,0x00000006b813c1a0,0x00000006b8180000)
 Metaspace       used 107969K, committed 109888K, reserved 1179648K
  class space    used 10641K, committed 11584K, reserved 1048576K
}
Event: 696648.434 GC heap before
{Heap before GC invocations=8450 (full 10):
 PSYoungGen      total 66560K, used 66214K [0x0000000755580000, 0x000000075a580000, 0x0000000800000000)
  eden space 55296K, 100% used [0x0000000755580000,0x0000000758b80000,0x0000000758b80000)
  from space 11264K, 96% used [0x0000000759a80000,0x000000075a529990,0x000000075a580000)
  to   space 11776K, 0% used [0x0000000758e80000,0x0000000758e80000,0x0000000759a00000)
 ParOldGen       total 3016192K, used 3015920K [0x0000000600000000, 0x00000006b8180000, 0x0000000755580000)
  object space 3016192K, 99% used [0x0000000600000000,0x00000006b813c1a0,0x00000006b8180000)
 Metaspace       used 107970K, committed 109888K, reserved 1179648K
  class space    used 10641K, committed 11584K, reserved 1048576K
}
Event: 696648.454 GC heap after
{Heap after GC invocations=8450 (full 10):
 PSYoungGen      total 59904K, used 5664K [0x0000000755580000, 0x0000000759b00000, 0x0000000800000000)
  eden space 53760K, 0% used [0x0000000755580000,0x0000000755580000,0x0000000758a00000)
  from space 6144K, 92% used [0x0000000758e80000,0x0000000759408178,0x0000000759480000)
  to   space 6656K, 0% used [0x0000000759480000,0x0000000759480000,0x0000000759b00000)
 ParOldGen       total 3026944K, used 3026716K [0x0000000600000000, 0x00000006b8c00000, 0x0000000755580000)
  object space 3026944K, 99% used [0x0000000600000000,0x00000006b8bc7380,0x00000006b8c00000)
 Metaspace       used 107970K, committed 109888K, reserved 1179648K
  class space    used 10641K, committed 11584K, reserved 1048576K
}
Event: 696648.615 GC heap before
{Heap before GC invocations=8451 (full 10):
 PSYoungGen      total 59904K, used 59424K [0x0000000755580000, 0x0000000759b00000, 0x0000000800000000)
  eden space 53760K, 100% used [0x0000000755580000,0x0000000758a00000,0x0000000758a00000)
  from space 6144K, 92% used [0x0000000758e80000,0x0000000759408178,0x0000000759480000)
  to   space 6656K, 0% used [0x0000000759480000,0x0000000759480000,0x0000000759b00000)
 ParOldGen       total 3026944K, used 3026716K [0x0000000600000000, 0x00000006b8c00000, 0x0000000755580000)
  object space 3026944K, 99% used [0x0000000600000000,0x00000006b8bc7380,0x00000006b8c00000)
 Metaspace       used 107970K, committed 109888K, reserved 1179648K
  class space    used 10641K, committed 11584K, reserved 1048576K
}
Event: 696648.645 GC heap after
{Heap after GC invocations=8451 (full 10):
 PSYoungGen      total 51200K, used 6648K [0x0000000755580000, 0x000000075af80000, 0x0000000800000000)
  eden space 44544K, 0% used [0x0000000755580000,0x0000000755580000,0x0000000758100000)
  from space 6656K, 99% used [0x0000000759480000,0x0000000759afe2b8,0x0000000759b00000)
  to   space 19968K, 0% used [0x0000000758100000,0x0000000758100000,0x0000000759480000)
 ParOldGen       total 3037696K, used 3037645K [0x0000000600000000, 0x00000006b9680000, 0x0000000755580000)
  object space 3037696K, 99% used [0x0000000600000000,0x00000006b96736d0,0x00000006b9680000)
 Metaspace       used 107970K, committed 109888K, reserved 1179648K
  class space    used 10641K, committed 11584K, reserved 1048576K
}
Event: 696648.749 GC heap before
{Heap before GC invocations=8452 (full 10):
 PSYoungGen      total 51200K, used 51192K [0x0000000755580000, 0x000000075af80000, 0x0000000800000000)
  eden space 44544K, 100% used [0x0000000755580000,0x0000000758100000,0x0000000758100000)
  from space 6656K, 99% used [0x0000000759480000,0x0000000759afe2b8,0x0000000759b00000)
  to   space 19968K, 0% used [0x0000000758100000,0x0000000758100000,0x0000000759480000)
 ParOldGen       total 3037696K, used 3037645K [0x0000000600000000, 0x00000006b9680000, 0x0000000755580000)
  object space 3037696K, 99% used [0x0000000600000000,0x00000006b96736d0,0x00000006b9680000)
 Metaspace       used 107970K, committed 109888K, reserved 1179648K
  class space    used 10641K, committed 11584K, reserved 1048576K
}
Event: 696648.773 GC heap after
{Heap after GC invocations=8452 (full 10):
 PSYoungGen      total 49152K, used 5197K [0x0000000755580000, 0x0000000759500000, 0x0000000800000000)
  eden space 43520K, 0% used [0x0000000755580000,0x0000000755580000,0x0000000758000000)
  from space 5632K, 92% used [0x0000000758100000,0x00000007586135a8,0x0000000758680000)
  to   space 9728K, 0% used [0x0000000758b80000,0x0000000758b80000,0x0000000759500000)
 ParOldGen       total 3043840K, used 3043455K [0x0000000600000000, 0x00000006b9c80000, 0x0000000755580000)
  object space 3043840K, 99% used [0x0000000600000000,0x00000006b9c1fcb0,0x00000006b9c80000)
 Metaspace       used 107970K, committed 109888K, reserved 1179648K
  class space    used 10641K, committed 11584K, reserved 1048576K
}
Event: 696648.881 GC heap before
{Heap before GC invocations=8453 (full 10):
 PSYoungGen      total 49152K, used 48717K [0x0000000755580000, 0x0000000759500000, 0x0000000800000000)
  eden space 43520K, 100% used [0x0000000755580000,0x0000000758000000,0x0000000758000000)
  from space 5632K, 92% used [0x0000000758100000,0x00000007586135a8,0x0000000758680000)
  to   space 9728K, 0% used [0x0000000758b80000,0x0000000758b80000,0x0000000759500000)
 ParOldGen       total 3043840K, used 3043455K [0x0000000600000000, 0x00000006b9c80000, 0x0000000755580000)
  object space 3043840K, 99% used [0x0000000600000000,0x00000006b9c1fcb0,0x00000006b9c80000)
 Metaspace       used 107970K, committed 109888K, reserved 1179648K
  class space    used 10641K, committed 11584K, reserved 1048576K
}
Event: 696648.900 GC heap after
{Heap after GC invocations=8453 (full 10):
 PSYoungGen      total 49152K, used 6421K [0x0000000755580000, 0x0000000759200000, 0x0000000800000000)
  eden space 42496K, 0% used [0x0000000755580000,0x0000000755580000,0x0000000757f00000)
  from space 6656K, 96% used [0x0000000758b80000,0x00000007591c5458,0x0000000759200000)
  to   space 7168K, 0% used [0x0000000758400000,0x0000000758400000,0x0000000758b00000)
 ParOldGen       total 3048448K, used 3048279K [0x0000000600000000, 0x00000006ba100000, 0x0000000755580000)
  object space 3048448K, 99% used [0x0000000600000000,0x00000006ba0d5f98,0x00000006ba100000)
 Metaspace       used 107970K, committed 109888K, reserved 1179648K
  class space    used 10641K, committed 11584K, reserved 1048576K
}
Event: 696649.059 GC heap before
{Heap before GC invocations=8454 (full 10):
 PSYoungGen      total 49152K, used 48917K [0x0000000755580000, 0x0000000759200000, 0x0000000800000000)
  eden space 42496K, 100% used [0x0000000755580000,0x0000000757f00000,0x0000000757f00000)
  from space 6656K, 96% used [0x0000000758b80000,0x00000007591c5458,0x0000000759200000)
  to   space 7168K, 0% used [0x0000000758400000,0x0000000758400000,0x0000000758b00000)
 ParOldGen       total 3048448K, used 3048279K [0x0000000600000000, 0x00000006ba100000, 0x0000000755580000)
  object space 3048448K, 99% used [0x0000000600000000,0x00000006ba0d5f98,0x00000006ba100000)
 Metaspace       used 107970K, committed 109888K, reserved 1179648K
  class space    used 10641K, committed 11584K, reserved 1048576K
}
Event: 696649.081 GC heap after
{Heap after GC invocations=8454 (full 10):
 PSYoungGen      total 48640K, used 7156K [0x0000000755580000, 0x000000075a100000, 0x0000000800000000)
  eden space 41472K, 0% used [0x0000000755580000,0x0000000755580000,0x0000000757e00000)
  from space 7168K, 99% used [0x0000000758400000,0x0000000758afd0f0,0x0000000758b00000)
  to   space 17920K, 0% used [0x0000000758f80000,0x0000000758f80000,0x000000075a100000)
 ParOldGen       total 3057152K, used 3057023K [0x0000000600000000, 0x00000006ba980000, 0x0000000755580000)
  object space 3057152K, 99% used [0x0000000600000000,0x00000006ba95fc28,0x00000006ba980000)
 Metaspace       used 107970K, committed 109888K, reserved 1179648K
  class space    used 10641K, committed 11584K, reserved 1048576K
}

