# JRE version: OpenJDK Runtime Environment Temurin-21.0.9+10 (21.0.9+10) (build 21.0.9+10-LTS)
# Java VM: OpenJDK 64-Bit Server VM Temurin-21.0.9+10 (21.0.9+10-LTS, mixed mode, sharing, tiered, compressed oops, compressed class ptrs, g1 gc, windows-amd64)
GC Precious Log:
 CardTable entry size: 512
 Card Set container configuration: InlinePtr #cards 5 size 8 Array Of Cards #cards 12 size 40 Howl #buckets 4 coarsen threshold 1843 Howl Bitmap #cards 512 size 80 coarsen threshold 460 Card regions per heap region 1 cards per card region 2048
 CPUs: 8 total, 8 available
 Memory: 8016M
 Large Page Support: Disabled
 NUMA Support: Disabled
 Compressed Oops: Enabled (32-bit)
 Heap Region Size: 1M
 Heap Min Capacity: 8M
 Heap Initial Capacity: 126M
 Heap Max Capacity: 2006M
 Pre-touch: Disabled
 Parallel Workers: 8
 Concurrent Workers: 2
 Concurrent Refinement Workers: 8
 Periodic GC: Disabled
Heap:
 garbage-first heap   total 164864K, used 89671K [0x0000000082a00000, 0x0000000100000000)
  region size 1024K, 37 young (37888K), 5 survivors (5120K)
 Metaspace       used 39056K, committed 39424K, reserved 1114112K
  class space    used 4833K, committed 4992K, reserved 1048576K
GC Heap History (20 events):
Event: 1.071 GC heap before
{Heap before GC invocations=0 (full 0):
 garbage-first heap   total 129024K, used 28672K [0x0000000082a00000, 0x0000000100000000)
  region size 1024K, 23 young (23552K), 0 survivors (0K)
 Metaspace       used 601K, committed 768K, reserved 1114112K
  class space    used 19K, committed 128K, reserved 1048576K
}
Event: 1.134 GC heap after
{Heap after GC invocations=1 (full 0):
 garbage-first heap   total 129024K, used 26578K [0x0000000082a00000, 0x0000000100000000)
  region size 1024K, 3 young (3072K), 3 survivors (3072K)
 Metaspace       used 601K, committed 768K, reserved 1114112K
  class space    used 19K, committed 128K, reserved 1048576K
}
Event: 1.575 GC heap before
{Heap before GC invocations=1 (full 0):
 garbage-first heap   total 129024K, used 45010K [0x0000000082a00000, 0x0000000100000000)
  region size 1024K, 17 young (17408K), 3 survivors (3072K)
 Metaspace       used 854K, committed 960K, reserved 1114112K
  class space    used 42K, committed 128K, reserved 1048576K
}
Event: 1.585 GC heap after
{Heap after GC invocations=2 (full 0):
 garbage-first heap   total 129024K, used 39936K [0x0000000082a00000, 0x0000000100000000)
  region size 1024K, 3 young (3072K), 3 survivors (3072K)
 Metaspace       used 854K, committed 960K, reserved 1114112K
  class space    used 42K, committed 128K, reserved 1048576K
}
Event: 2.485 GC heap before
{Heap before GC invocations=2 (full 0):
 garbage-first heap   total 129024K, used 61440K [0x0000000082a00000, 0x0000000100000000)
  region size 1024K, 25 young (25600K), 3 survivors (3072K)
 Metaspace       used 4780K, committed 4928K, reserved 1114112K
  class space    used 498K, committed 576K, reserved 1048576K
}
Event: 2.491 GC heap after
{Heap after GC invocations=3 (full 0):
 garbage-first heap   total 129024K, used 43822K [0x0000000082a00000, 0x0000000100000000)
  region size 1024K, 4 young (4096K), 4 survivors (4096K)
 Metaspace       used 4780K, committed 4928K, reserved 1114112K
  class space    used 498K, committed 576K, reserved 1048576K
}
Event: 2.707 GC heap before
{Heap before GC invocations=3 (full 0):
 garbage-first heap   total 129024K, used 74542K [0x0000000082a00000, 0x0000000100000000)
  region size 1024K, 33 young (33792K), 4 survivors (4096K)
 Metaspace       used 4828K, committed 4992K, reserved 1114112K
  class space    used 499K, committed 576K, reserved 1048576K
}
Event: 2.712 GC heap after
{Heap after GC invocations=4 (full 0):
 garbage-first heap   total 129024K, used 44284K [0x0000000082a00000, 0x0000000100000000)
  region size 1024K, 1 young (1024K), 1 survivors (1024K)
 Metaspace       used 4828K, committed 4992K, reserved 1114112K
  class space    used 499K, committed 576K, reserved 1048576K
}
Event: 5.887 GC heap before
{Heap before GC invocations=4 (full 0):
 garbage-first heap   total 129024K, used 97532K [0x0000000082a00000, 0x0000000100000000)
  region size 1024K, 53 young (54272K), 1 survivors (1024K)
 Metaspace       used 16909K, committed 17216K, reserved 1114112K
  class space    used 2071K, committed 2240K, reserved 1048576K
}
Event: 5.894 GC heap after
{Heap after GC invocations=5 (full 0):
 garbage-first heap   total 129024K, used 47342K [0x0000000082a00000, 0x0000000100000000)
  region size 1024K, 4 young (4096K), 4 survivors (4096K)
 Metaspace       used 16909K, committed 17216K, reserved 1114112K
  class space    used 2071K, committed 2240K, reserved 1048576K
}
Event: 7.168 GC heap before
{Heap before GC invocations=5 (full 0):
 garbage-first heap   total 129024K, used 94446K [0x0000000082a00000, 0x0000000100000000)
  region size 1024K, 51 young (52224K), 4 survivors (4096K)
 Metaspace       used 20122K, committed 20416K, reserved 1114112K
  class space    used 2361K, committed 2496K, reserved 1048576K
}
Event: 7.175 GC heap after
{Heap after GC invocations=6 (full 0):
 garbage-first heap   total 129024K, used 50908K [0x0000000082a00000, 0x0000000100000000)
  region size 1024K, 7 young (7168K), 7 survivors (7168K)
 Metaspace       used 20122K, committed 20416K, reserved 1114112K
  class space    used 2361K, committed 2496K, reserved 1048576K
}
Event: 7.347 GC heap before
{Heap before GC invocations=6 (full 0):
 garbage-first heap   total 129024K, used 53980K [0x0000000082a00000, 0x0000000100000000)
  region size 1024K, 11 young (11264K), 7 survivors (7168K)
 Metaspace       used 21249K, committed 21504K, reserved 1114112K
  class space    used 2436K, committed 2560K, reserved 1048576K
}
Event: 7.354 GC heap after
{Heap after GC invocations=7 (full 0):
 garbage-first heap   total 129024K, used 50873K [0x0000000082a00000, 0x0000000100000000)
  region size 1024K, 4 young (4096K), 4 survivors (4096K)
 Metaspace       used 21249K, committed 21504K, reserved 1114112K
  class space    used 2436K, committed 2560K, reserved 1048576K
}
Event: 9.469 GC heap before
{Heap before GC invocations=8 (full 0):
 garbage-first heap   total 129024K, used 104121K [0x0000000082a00000, 0x0000000100000000)
  region size 1024K, 56 young (57344K), 4 survivors (4096K)
 Metaspace       used 28354K, committed 28608K, reserved 1114112K
  class space    used 3287K, committed 3392K, reserved 1048576K
}
Event: 9.480 GC heap after
{Heap after GC invocations=9 (full 0):
 garbage-first heap   total 164864K, used 54403K [0x0000000082a00000, 0x0000000100000000)
  region size 1024K, 7 young (7168K), 7 survivors (7168K)
 Metaspace       used 28354K, committed 28608K, reserved 1114112K
  class space    used 3287K, committed 3392K, reserved 1048576K
}
Event: 12.350 GC heap before
{Heap before GC invocations=9 (full 0):
 garbage-first heap   total 164864K, used 107651K [0x0000000082a00000, 0x0000000100000000)
  region size 1024K, 60 young (61440K), 7 survivors (7168K)
 Metaspace       used 35783K, committed 36096K, reserved 1114112K
  class space    used 4344K, committed 4480K, reserved 1048576K
}
Event: 12.363 GC heap after
{Heap after GC invocations=10 (full 0):
 garbage-first heap   total 164864K, used 57403K [0x0000000082a00000, 0x0000000100000000)
  region size 1024K, 8 young (8192K), 8 survivors (8192K)
 Metaspace       used 35783K, committed 36096K, reserved 1114112K
  class space    used 4344K, committed 4480K, reserved 1048576K
}
Event: 12.422 GC heap before
{Heap before GC invocations=10 (full 0):
 garbage-first heap   total 164864K, used 57403K [0x0000000082a00000, 0x0000000100000000)
  region size 1024K, 9 young (9216K), 8 survivors (8192K)
 Metaspace       used 36081K, committed 36416K, reserved 1114112K
  class space    used 4386K, committed 4544K, reserved 1048576K
}
Event: 12.431 GC heap after
{Heap after GC invocations=11 (full 0):
 garbage-first heap   total 164864K, used 57927K [0x0000000082a00000, 0x0000000100000000)
  region size 1024K, 5 young (5120K), 5 survivors (5120K)
 Metaspace       used 36081K, committed 36416K, reserved 1114112K
  class space    used 4386K, committed 4544K, reserved 1048576K
}

