# JRE version: OpenJDK Runtime Environment Temurin-21.0.9+10 (21.0.9+10) (build 21.0.9+10-LTS)
# Java VM: OpenJDK 64-Bit Server VM Temurin-21.0.9+10 (21.0.9+10-LTS, mixed mode, sharing, tiered, compressed oops, compressed class ptrs, g1 gc, windows-amd64)
GC Precious Log:
 CardTable entry size: 512
 Card Set container configuration: InlinePtr #cards 5 size 8 Array Of Cards #cards 12 size 40 Howl #buckets 4 coarsen threshold 1843 Howl Bitmap #cards 512 size 80 coarsen threshold 460 Card regions per heap region 1 cards per card region 2048
 CPUs: 8 total, 8 available
 Memory: 8016M
 Large Page Support: Disabled
 NUMA Support: Disabled
 Compressed Oops: Enabled (32-bit)
 Heap Region Size: 1M
 Heap Min Capacity: 8M
 Heap Initial Capacity: 126M
 Heap Max Capacity: 2006M
 Pre-touch: Disabled
 Parallel Workers: 8
 Concurrent Workers: 2
 Concurrent Refinement Workers: 8
 Periodic GC: Disabled
Heap:
 garbage-first heap   total 163840K, used 126970K [0x0000000082a00000, 0x0000000100000000)
  region size 1024K, 48 young (49152K), 8 survivors (8192K)
 Metaspace       used 69380K, committed 69888K, reserved 1114112K
  class space    used 8870K, committed 9088K, reserved 1048576K
GC Heap History (20 events):
Event: 10.565 GC heap before
{Heap before GC invocations=6 (full 0):
 garbage-first heap   total 129024K, used 52224K [0x0000000082a00000, 0x0000000100000000)
  region size 1024K, 10 young (10240K), 7 survivors (7168K)
 Metaspace       used 21250K, committed 21504K, reserved 1114112K
  class space    used 2436K, committed 2560K, reserved 1048576K
}
Event: 10.573 GC heap after
{Heap after GC invocations=7 (full 0):
 garbage-first heap   total 129024K, used 51109K [0x0000000082a00000, 0x0000000100000000)
  region size 1024K, 4 young (4096K), 4 survivors (4096K)
 Metaspace       used 21250K, committed 21504K, reserved 1114112K
  class space    used 2436K, committed 2560K, reserved 1048576K
}
Event: 13.641 GC heap before
{Heap before GC invocations=8 (full 0):
 garbage-first heap   total 129024K, used 107429K [0x0000000082a00000, 0x0000000100000000)
  region size 1024K, 58 young (59392K), 4 survivors (4096K)
 Metaspace       used 28731K, committed 28992K, reserved 1114112K
  class space    used 3339K, committed 3456K, reserved 1048576K
}
Event: 13.652 GC heap after
{Heap after GC invocations=9 (full 0):
 garbage-first heap   total 155648K, used 54012K [0x0000000082a00000, 0x0000000100000000)
  region size 1024K, 7 young (7168K), 7 survivors (7168K)
 Metaspace       used 28731K, committed 28992K, reserved 1114112K
  class space    used 3339K, committed 3456K, reserved 1048576K
}
Event: 17.311 GC heap before
{Heap before GC invocations=9 (full 0):
 garbage-first heap   total 155648K, used 105212K [0x0000000082a00000, 0x0000000100000000)
  region size 1024K, 58 young (59392K), 7 survivors (7168K)
 Metaspace       used 35773K, committed 36096K, reserved 1114112K
  class space    used 4339K, committed 4480K, reserved 1048576K
}
Event: 17.324 GC heap after
{Heap after GC invocations=10 (full 0):
 garbage-first heap   total 155648K, used 57463K [0x0000000082a00000, 0x0000000100000000)
  region size 1024K, 8 young (8192K), 8 survivors (8192K)
 Metaspace       used 35773K, committed 36096K, reserved 1114112K
  class space    used 4339K, committed 4480K, reserved 1048576K
}
Event: 17.369 GC heap before
{Heap before GC invocations=10 (full 0):
 garbage-first heap   total 155648K, used 57463K [0x0000000082a00000, 0x0000000100000000)
  region size 1024K, 9 young (9216K), 8 survivors (8192K)
 Metaspace       used 36070K, committed 36416K, reserved 1114112K
  class space    used 4380K, committed 4544K, reserved 1048576K
}
Event: 17.378 GC heap after
{Heap after GC invocations=11 (full 0):
 garbage-first heap   total 155648K, used 57775K [0x0000000082a00000, 0x0000000100000000)
  region size 1024K, 5 young (5120K), 5 survivors (5120K)
 Metaspace       used 36070K, committed 36416K, reserved 1114112K
  class space    used 4380K, committed 4544K, reserved 1048576K
}
Event: 20.161 GC heap before
{Heap before GC invocations=12 (full 0):
 garbage-first heap   total 155648K, used 141743K [0x0000000082a00000, 0x0000000100000000)
  region size 1024K, 83 young (84992K), 5 survivors (5120K)
 Metaspace       used 42288K, committed 42624K, reserved 1114112K
  class space    used 5186K, committed 5312K, reserved 1048576K
}
Event: 20.182 GC heap after
{Heap after GC invocations=13 (full 0):
 garbage-first heap   total 155648K, used 65068K [0x0000000082a00000, 0x0000000100000000)
  region size 1024K, 11 young (11264K), 11 survivors (11264K)
 Metaspace       used 42288K, committed 42624K, reserved 1114112K
  class space    used 5186K, committed 5312K, reserved 1048576K
}
Event: 20.763 GC heap before
{Heap before GC invocations=13 (full 0):
 garbage-first heap   total 155648K, used 139820K [0x0000000082a00000, 0x0000000100000000)
  region size 1024K, 78 young (79872K), 11 survivors (11264K)
 Metaspace       used 42486K, committed 42880K, reserved 1114112K
  class space    used 5203K, committed 5376K, reserved 1048576K
}
Event: 20.787 GC heap after
{Heap after GC invocations=14 (full 0):
 garbage-first heap   total 163840K, used 75315K [0x0000000082a00000, 0x0000000100000000)
  region size 1024K, 10 young (10240K), 10 survivors (10240K)
 Metaspace       used 42486K, committed 42880K, reserved 1114112K
  class space    used 5203K, committed 5376K, reserved 1048576K
}
Event: 21.474 GC heap before
{Heap before GC invocations=14 (full 0):
 garbage-first heap   total 163840K, used 141875K [0x0000000082a00000, 0x0000000100000000)
  region size 1024K, 74 young (75776K), 10 survivors (10240K)
 Metaspace       used 43226K, committed 43584K, reserved 1114112K
  class space    used 5263K, committed 5440K, reserved 1048576K
}
Event: 21.484 GC heap after
{Heap after GC invocations=15 (full 0):
 garbage-first heap   total 163840K, used 80642K [0x0000000082a00000, 0x0000000100000000)
  region size 1024K, 6 young (6144K), 6 survivors (6144K)
 Metaspace       used 43226K, committed 43584K, reserved 1114112K
  class space    used 5263K, committed 5440K, reserved 1048576K
}
Event: 21.869 GC heap before
{Heap before GC invocations=15 (full 0):
 garbage-first heap   total 163840K, used 104194K [0x0000000082a00000, 0x0000000100000000)
  region size 1024K, 30 young (30720K), 6 survivors (6144K)
 Metaspace       used 43374K, committed 43712K, reserved 1114112K
  class space    used 5278K, committed 5440K, reserved 1048576K
}
Event: 21.876 GC heap after
{Heap after GC invocations=16 (full 0):
 garbage-first heap   total 163840K, used 81942K [0x0000000082a00000, 0x0000000100000000)
  region size 1024K, 2 young (2048K), 2 survivors (2048K)
 Metaspace       used 43374K, committed 43712K, reserved 1114112K
  class space    used 5278K, committed 5440K, reserved 1048576K
}
Event: 24.656 GC heap before
{Heap before GC invocations=17 (full 0):
 garbage-first heap   total 163840K, used 147478K [0x0000000082a00000, 0x0000000100000000)
  region size 1024K, 65 young (66560K), 2 survivors (2048K)
 Metaspace       used 50542K, committed 50944K, reserved 1114112K
  class space    used 6166K, committed 6336K, reserved 1048576K
}
Event: 24.665 GC heap after
{Heap after GC invocations=18 (full 0):
 garbage-first heap   total 163840K, used 84246K [0x0000000082a00000, 0x0000000100000000)
  region size 1024K, 4 young (4096K), 4 survivors (4096K)
 Metaspace       used 50542K, committed 50944K, reserved 1114112K
  class space    used 6166K, committed 6336K, reserved 1048576K
}
Event: 33.036 GC heap before
{Heap before GC invocations=18 (full 0):
 garbage-first heap   total 163840K, used 147734K [0x0000000082a00000, 0x0000000100000000)
  region size 1024K, 66 young (67584K), 4 survivors (4096K)
 Metaspace       used 62356K, committed 62784K, reserved 1114112K
  class space    used 7837K, committed 8000K, reserved 1048576K
}
Event: 33.047 GC heap after
{Heap after GC invocations=19 (full 0):
 garbage-first heap   total 163840K, used 87034K [0x0000000082a00000, 0x0000000100000000)
  region size 1024K, 8 young (8192K), 8 survivors (8192K)
 Metaspace       used 62356K, committed 62784K, reserved 1114112K
  class space    used 7837K, committed 8000K, reserved 1048576K
}

