-------------------------------------------------------------------------------
Test set: com.xammer.cloud.CloudApplicationTests
-------------------------------------------------------------------------------
Tests run: 1, Failures: 0, Errors: 1, Skipped: 0, Time elapsed: 17.303 s <<< FAILURE! - in com.xammer.cloud.CloudApplicationTests
contextLoads  Time elapsed: 0.018 s  <<< ERROR!
java.lang.IllegalStateException: Failed to load ApplicationContext
Caused by: org.springframework.beans.factory.BeanCreationException: Error creating bean with name 'awsConfig': Injection of autowired dependencies failed; nested exception is java.lang.IllegalArgumentException: Could not resolve placeholder 'aws.region' in value "${aws.region}"
Caused by: java.lang.IllegalArgumentException: Could not resolve placeholder 'aws.region' in value "${aws.region}"

